[1523760387.743][INFO]: COMMAND InitSession {
   "capabilities": {
      "alwaysMatch": {
         "browserName": "chrome",
         "platformName": "any"
      },
      "firstMatch": [ {

      } ]
   },
   "desiredCapabilities": {
      "browserName": "chrome",
      "chromeOptions": {
         "args": [  ],
         "extensions": [  ]
      },
      "platform": "ANY",
      "version": ""
   }
}
[1523760387.745][INFO]: Populating Preferences file: {
   "alternate_error_pages": {
      "enabled": false
   },
   "autofill": {
      "enabled": false
   },
   "browser": {
      "check_default_browser": false
   },
   "distribution": {
      "import_bookmarks": false,
      "import_history": false,
      "import_search_engine": false,
      "make_chrome_default_for_user": false,
      "skip_first_run_ui": true
   },
   "dns_prefetching": {
      "enabled": false
   },
   "profile": {
      "content_settings": {
         "pattern_pairs": {
            "https://*,*": {
               "media-stream": {
                  "audio": "Default",
                  "video": "Default"
               }
            }
         }
      },
      "default_content_setting_values": {
         "geolocation": 1
      },
      "default_content_settings": {
         "geolocation": 1,
         "mouselock": 1,
         "notifications": 1,
         "popups": 1,
         "ppapi-broker": 1
      },
      "password_manager_enabled": false
   },
   "safebrowsing": {
      "enabled": false
   },
   "search": {
      "suggest_enabled": false
   },
   "translate": {
      "enabled": false
   }
}
[1523760387.753][INFO]: Populating Local State file: {
   "background_mode": {
      "enabled": false
   },
   "ssl": {
      "rev_checking": {
         "enabled": false
      }
   }
}
[1523760387.754][INFO]: Launching chrome: /Applications/Google Chrome.app/Contents/MacOS/Google Chrome --disable-background-networking --disable-client-side-phishing-detection --disable-default-apps --disable-hang-monitor --disable-popup-blocking --disable-prompt-on-repost --disable-sync --disable-web-resources --enable-automation --enable-logging --force-fieldtrials=SiteIsolationExtensions/Control --ignore-certificate-errors --load-extension=/var/folders/6g/38ww3bfj6232krb2s4mxnl9c0000gn/T/.org.chromium.Chromium.o984NR/internal --log-level=0 --metrics-recording-only --no-first-run --password-store=basic --remote-debugging-port=12658 --test-type=webdriver --use-mock-keychain --user-data-dir=/var/folders/6g/38ww3bfj6232krb2s4mxnl9c0000gn/T/.org.chromium.Chromium.0WR8pg data:,
[1523760388.290][INFO]: resolved localhost to ["127.0.0.1","::1"]
[1523760388.443][INFO]: RESPONSE InitSession {
   "acceptInsecureCerts": false,
   "acceptSslCerts": false,
   "applicationCacheEnabled": false,
   "browserConnectionEnabled": false,
   "browserName": "chrome",
   "chrome": {
      "chromedriverVersion": "2.37.544337 (8c0344a12e552148c185f7d5117db1f28d6c9e85)",
      "userDataDir": "/var/folders/6g/38ww3bfj6232krb2s4mxnl9c0000gn/T/.org.chromium.Chromium.0WR8pg"
   },
   "cssSelectorsEnabled": true,
   "databaseEnabled": false,
   "handlesAlerts": true,
   "hasTouchScreen": false,
   "javascriptEnabled": true,
   "locationContextEnabled": true,
   "mobileEmulationEnabled": false,
   "nativeEvents": true,
   "networkConnectionEnabled": false,
   "pageLoadStrategy": "normal",
   "platform": "Mac OS X",
   "rotatable": false,
   "setWindowRect": true,
   "~~~": "..."
}
[1523760388.444][INFO]: COMMAND Navigate {
   "sessionId": "36eb654ec328df7377c3a357b52b0ec1",
   "url": "https://cse.pusan.ac.kr/cse/14651/subview.do"
}
[1523760388.444][INFO]: Waiting for pending navigations...
[1523760388.445][INFO]: Done waiting for pending navigations. Status: ok
[1523760389.774][INFO]: Waiting for pending navigations...
[1523760391.873][INFO]: Done waiting for pending navigations. Status: ok
[1523760391.873][INFO]: RESPONSE Navigate
[1523760391.874][INFO]: COMMAND GetSource {

}
[1523760391.874][INFO]: Waiting for pending navigations...
[1523760391.875][INFO]: Done waiting for pending navigations. Status: ok
[1523760391.884][INFO]: Waiting for pending navigations...
[1523760391.885][INFO]: Done waiting for pending navigations. Status: ok
[1523760391.885][INFO]: RESPONSE GetSource "\u003C!DOCTYPE html>\u003C!--[if lt IE 7 ]>\u003Chtml dir=\"ltr\" lang=\"ko\" class=\"no-js ie ie6 lte7 lte8 lte9\">\u003C![endif]-->\u003C!--[if IE 7 ]>\u003Chtml dir=\"ltr\" lang=\"ko\" class=\"no-js ie ie7 lte7 lte8 lte9\">\u003C![endif]-->\u003C..."
[1523760391.963][INFO]: COMMAND Quit {

}
[1523760392.013][INFO]: RESPONSE Quit
